<?xml version="1.0" encoding="utf-8"?><testsuites name="pytest tests"><testsuite name="pytest" errors="0" failures="0" skipped="0" tests="22" time="19.490" timestamp="2026-01-28T02:16:39.309119+00:00" hostname="agent-env-cd6ed750-2b47-467e-b9cd-04c7becfcb8f"><testcase classname="backend.tests.test_subscription_3plans.TestSubscription3Plans" name="test_free_plan_status_returns_correct_limits" time="1.319" /><testcase classname="backend.tests.test_subscription_3plans.TestSubscription3Plans" name="test_plus_plan_status_returns_correct_limits" time="1.297" /><testcase classname="backend.tests.test_subscription_3plans.TestSubscription3Plans" name="test_unlimited_plan_status_returns_null_limits" time="1.496" /><testcase classname="backend.tests.test_subscription_3plans.TestSubscription3Plans" name="test_set_plan_accepts_free" time="1.251" /><testcase classname="backend.tests.test_subscription_3plans.TestSubscription3Plans" name="test_set_plan_accepts_plus" time="1.456" /><testcase classname="backend.tests.test_subscription_3plans.TestSubscription3Plans" name="test_set_plan_accepts_unlimited" time="1.388" /><testcase classname="backend.tests.test_subscription_3plans.TestSubscription3Plans" name="test_set_plan_rejects_invalid_plan" time="1.261" /><testcase classname="backend.tests.test_subscription_3plans.TestSubscription3Plans" name="test_plan_constants_correct_values" time="0.055" /><testcase classname="backend.tests.test_subscription_3plans.TestSubscription3Plans" name="test_free_user_can_match_initially" time="1.452" /><testcase classname="backend.tests.test_subscription_3plans.TestSubscription3Plans" name="test_free_user_can_activate_album_initially" time="1.487" /><testcase classname="backend.tests.test_subscription_3plans.TestSubscription3Plans" name="test_unlimited_user_always_can_match" time="1.303" /><testcase classname="backend.tests.test_subscription_3plans.TestSubscription3Plans" name="test_upgrade_free_to_plus" time="1.415" /><testcase classname="backend.tests.test_subscription_3plans.TestSubscription3Plans" name="test_upgrade_plus_to_unlimited" time="1.276" /><testcase classname="backend.tests.test_subscription_3plans.TestSubscription3Plans" name="test_downgrade_unlimited_to_free" time="1.599" /><testcase classname="backend.tests.test_subscription_3plans.TestSubscription3Plans" name="test_legacy_upgrade_premium_sets_plus" time="1.328" /><testcase classname="backend.tests.test_subscription_3plans.TestI18nSubscriptionKeys" name="test_i18n_has_free_plus_unlimited_keys" time="0.001" /><testcase classname="backend.tests.test_subscription_3plans.TestI18nSubscriptionKeys" name="test_i18n_has_benefits_sections" time="0.001" /><testcase classname="backend.tests.test_subscription_3plans.TestI18nSubscriptionKeys" name="test_i18n_all_6_languages_have_subscription_keys" time="0.001" /><testcase classname="backend.tests.test_subscription_3plans.TestSubscriptionSectionComponent" name="test_component_uses_correct_i18n_keys" time="0.000" /><testcase classname="backend.tests.test_subscription_3plans.TestSubscriptionSectionComponent" name="test_component_shows_usage_counters" time="0.000" /><testcase classname="backend.tests.test_subscription_3plans.TestSubscriptionSectionComponent" name="test_component_has_upgrade_buttons" time="0.000" /><testcase classname="backend.tests.test_subscription_3plans.TestSubscriptionSectionComponent" name="test_component_has_plan_cards_in_dialog" time="0.000" /></testsuite></testsuites>