<?xml version="1.0" encoding="utf-8"?><testsuites name="pytest tests"><testsuite name="pytest" errors="0" failures="0" skipped="0" tests="7" time="5.447" timestamp="2026-01-27T19:36:22.024413+00:00" hostname="agent-env-cd6ed750-2b47-467e-b9cd-04c7becfcb8f"><testcase classname="tests.test_ux_monetization.TestFreemiumChatLimits" name="test_free_user_plan_status" time="1.484" /><testcase classname="tests.test_ux_monetization.TestFreemiumChatLimits" name="test_premium_upgrade_mocked" time="1.315" /><testcase classname="tests.test_ux_monetization.TestFreemiumChatLimits" name="test_can_user_create_match_logic" time="1.281" /><testcase classname="tests.test_ux_monetization.TestFreemiumChatLimits" name="test_free_plan_max_matches_constant" time="0.059" /><testcase classname="tests.test_ux_monetization.TestExchangeCreationLimit" name="test_daily_match_limit_error_code" time="0.001" /><testcase classname="tests.test_ux_monetization.TestExchangeCreationLimit" name="test_exchange_endpoint_checks_limit" time="0.001" /><testcase classname="tests.test_ux_monetization.TestPlanStatusEndpoint" name="test_plan_status_response_structure" time="1.259" /></testsuite></testsuites>