<?xml version="1.0" encoding="utf-8"?><testsuites name="pytest tests"><testsuite name="pytest" errors="0" failures="0" skipped="0" tests="9" time="12.245" timestamp="2026-01-28T16:28:37.830780+00:00" hostname="agent-env-7f63db3b-8e2a-4dbe-ac2e-d27613ead139"><testcase classname="backend.tests.test_upgrade_modal.TestUpgradeModalBackend" name="test_01_new_user_has_free_plan" time="1.346" /><testcase classname="backend.tests.test_upgrade_modal.TestUpgradeModalBackend" name="test_02_activate_first_album_success" time="1.319" /><testcase classname="backend.tests.test_upgrade_modal.TestUpgradeModalBackend" name="test_03_activate_second_album_blocked_for_free" time="1.320" /><testcase classname="backend.tests.test_upgrade_modal.TestUpgradeModalBackend" name="test_04_upgrade_to_plus_and_activate_second_album" time="1.361" /><testcase classname="backend.tests.test_upgrade_modal.TestUpgradeModalBackend" name="test_05_plus_user_blocked_from_third_album" time="1.464" /><testcase classname="backend.tests.test_upgrade_modal.TestUpgradeModalBackend" name="test_06_unlimited_user_can_activate_any_album" time="1.445" /><testcase classname="backend.tests.test_upgrade_modal.TestPlanBenefitsCorrectness" name="test_free_plan_benefits" time="1.262" /><testcase classname="backend.tests.test_upgrade_modal.TestPlanBenefitsCorrectness" name="test_plus_plan_benefits" time="1.332" /><testcase classname="backend.tests.test_upgrade_modal.TestPlanBenefitsCorrectness" name="test_unlimited_plan_benefits" time="1.338" /></testsuite></testsuites>