<?xml version="1.0" encoding="utf-8"?><testsuites name="pytest tests"><testsuite name="pytest" errors="0" failures="4" skipped="0" tests="9" time="242.034" timestamp="2026-01-27T20:10:25.220535+00:00" hostname="agent-env-cd6ed750-2b47-467e-b9cd-04c7becfcb8f"><testcase classname="backend.tests.test_free_plan_limits.TestFreePlanLimits" name="test_plan_status_endpoint_structure" time="60.192"><failure message="AssertionError: OTP not returned in DEV_MODE&#10;assert None is not None">backend/tests/test_free_plan_limits.py:54: in test_plan_status_endpoint_structure
    assert otp is not None, "OTP not returned in DEV_MODE"
E   AssertionError: OTP not returned in DEV_MODE
E   assert None is not None</failure></testcase><testcase classname="backend.tests.test_free_plan_limits.TestFreePlanLimits" name="test_free_plan_limit_is_one" time="61.221"><failure message="AssertionError: OTP verify failed: {&quot;detail&quot;:[{&quot;type&quot;:&quot;string_type&quot;,&quot;loc&quot;:[&quot;body&quot;,&quot;otp&quot;],&quot;msg&quot;:&quot;Input should be a valid string&quot;,&quot;input&quot;:null,&quot;url&quot;:&quot;https://errors.pydantic.dev/2.12/v/string_type&quot;}]}&#10;assert 422 == 200&#10; +  where 422 = &lt;Response [422]&gt;.status_code">backend/tests/test_free_plan_limits.py:89: in test_free_plan_limit_is_one
    token = self._verify_otp(email, otp)
            ^^^^^^^^^^^^^^^^^^^^^^^^^^^^
backend/tests/test_free_plan_limits.py:42: in _verify_otp
    assert response.status_code == 200, f"OTP verify failed: {response.text}"
E   AssertionError: OTP verify failed: {"detail":[{"type":"string_type","loc":["body","otp"],"msg":"Input should be a valid string","input":null,"url":"https://errors.pydantic.dev/2.12/v/string_type"}]}
E   assert 422 == 200
E    +  where 422 = &lt;Response [422]&gt;.status_code</failure></testcase><testcase classname="backend.tests.test_free_plan_limits.TestFreePlanLimits" name="test_premium_user_unlimited_matches" time="60.244"><failure message="AssertionError: OTP verify failed: {&quot;detail&quot;:[{&quot;type&quot;:&quot;string_type&quot;,&quot;loc&quot;:[&quot;body&quot;,&quot;otp&quot;],&quot;msg&quot;:&quot;Input should be a valid string&quot;,&quot;input&quot;:null,&quot;url&quot;:&quot;https://errors.pydantic.dev/2.12/v/string_type&quot;}]}&#10;assert 422 == 200&#10; +  where 422 = &lt;Response [422]&gt;.status_code">backend/tests/test_free_plan_limits.py:107: in test_premium_user_unlimited_matches
    token = self._verify_otp(email, otp)
            ^^^^^^^^^^^^^^^^^^^^^^^^^^^^
backend/tests/test_free_plan_limits.py:42: in _verify_otp
    assert response.status_code == 200, f"OTP verify failed: {response.text}"
E   AssertionError: OTP verify failed: {"detail":[{"type":"string_type","loc":["body","otp"],"msg":"Input should be a valid string","input":null,"url":"https://errors.pydantic.dev/2.12/v/string_type"}]}
E   assert 422 == 200
E    +  where 422 = &lt;Response [422]&gt;.status_code</failure></testcase><testcase classname="backend.tests.test_free_plan_limits.TestFreePlanLimits" name="test_premium_downgrade_to_free" time="60.271"><failure message="AssertionError: OTP verify failed: {&quot;detail&quot;:[{&quot;type&quot;:&quot;string_type&quot;,&quot;loc&quot;:[&quot;body&quot;,&quot;otp&quot;],&quot;msg&quot;:&quot;Input should be a valid string&quot;,&quot;input&quot;:null,&quot;url&quot;:&quot;https://errors.pydantic.dev/2.12/v/string_type&quot;}]}&#10;assert 422 == 200&#10; +  where 422 = &lt;Response [422]&gt;.status_code">backend/tests/test_free_plan_limits.py:136: in test_premium_downgrade_to_free
    token = self._verify_otp(email, otp)
            ^^^^^^^^^^^^^^^^^^^^^^^^^^^^
backend/tests/test_free_plan_limits.py:42: in _verify_otp
    assert response.status_code == 200, f"OTP verify failed: {response.text}"
E   AssertionError: OTP verify failed: {"detail":[{"type":"string_type","loc":["body","otp"],"msg":"Input should be a valid string","input":null,"url":"https://errors.pydantic.dev/2.12/v/string_type"}]}
E   assert 422 == 200
E    +  where 422 = &lt;Response [422]&gt;.status_code</failure></testcase><testcase classname="backend.tests.test_free_plan_limits.TestI18nChatTranslations" name="test_i18n_file_has_chat_translations" time="0.001" /><testcase classname="backend.tests.test_free_plan_limits.TestI18nChatTranslations" name="test_match_limit_desc_mentions_chats" time="0.001" /><testcase classname="backend.tests.test_free_plan_limits.TestSubscriptionUIComponents" name="test_subscription_section_uses_chat_keys" time="0.000" /><testcase classname="backend.tests.test_free_plan_limits.TestSubscriptionUIComponents" name="test_subscription_section_uses_message_circle_icon" time="0.000" /><testcase classname="backend.tests.test_free_plan_limits.TestSubscriptionUIComponents" name="test_subscription_section_shows_usage_counter" time="0.000" /></testsuite></testsuites>