<?xml version="1.0" encoding="utf-8"?><testsuites name="pytest tests"><testsuite name="pytest" errors="8" failures="0" skipped="0" tests="8" time="2.176" timestamp="2026-01-28T23:09:58.718934+00:00" hostname="agent-env-7f63db3b-8e2a-4dbe-ac2e-d27613ead139"><testcase classname="backend.tests.test_subscription_plans.TestSubscriptionPlanStatus" name="test_free_plan_limits" time="0.347"><error message="failed on setup with &quot;AssertionError: Failed to verify OTP: {&quot;detail&quot;:&quot;Invalid OTP&quot;}&#10;assert 400 == 200&#10; +  where 400 = &lt;Response [400]&gt;.status_code&quot;">backend/tests/test_subscription_plans.py:45: in setup
    assert response.status_code == 200, f"Failed to verify OTP: {response.text}"
E   AssertionError: Failed to verify OTP: {"detail":"Invalid OTP"}
E   assert 400 == 200
E    +  where 400 = &lt;Response [400]&gt;.status_code</error></testcase><testcase classname="backend.tests.test_subscription_plans.TestSubscriptionPlanStatus" name="test_plus_plan_limits" time="0.290"><error message="failed on setup with &quot;AssertionError: Failed to verify OTP: {&quot;detail&quot;:&quot;Invalid OTP&quot;}&#10;assert 400 == 200&#10; +  where 400 = &lt;Response [400]&gt;.status_code&quot;">backend/tests/test_subscription_plans.py:45: in setup
    assert response.status_code == 200, f"Failed to verify OTP: {response.text}"
E   AssertionError: Failed to verify OTP: {"detail":"Invalid OTP"}
E   assert 400 == 200
E    +  where 400 = &lt;Response [400]&gt;.status_code</error></testcase><testcase classname="backend.tests.test_subscription_plans.TestSubscriptionPlanStatus" name="test_unlimited_plan_no_limits" time="0.267"><error message="failed on setup with &quot;AssertionError: Failed to verify OTP: {&quot;detail&quot;:&quot;Invalid OTP&quot;}&#10;assert 400 == 200&#10; +  where 400 = &lt;Response [400]&gt;.status_code&quot;">backend/tests/test_subscription_plans.py:45: in setup
    assert response.status_code == 200, f"Failed to verify OTP: {response.text}"
E   AssertionError: Failed to verify OTP: {"detail":"Invalid OTP"}
E   assert 400 == 200
E    +  where 400 = &lt;Response [400]&gt;.status_code</error></testcase><testcase classname="backend.tests.test_subscription_plans.TestSubscriptionPlanStatus" name="test_matches_used_today_starts_at_zero" time="0.225"><error message="failed on setup with &quot;AssertionError: Failed to verify OTP: {&quot;detail&quot;:&quot;Invalid OTP&quot;}&#10;assert 400 == 200&#10; +  where 400 = &lt;Response [400]&gt;.status_code&quot;">backend/tests/test_subscription_plans.py:45: in setup
    assert response.status_code == 200, f"Failed to verify OTP: {response.text}"
E   AssertionError: Failed to verify OTP: {"detail":"Invalid OTP"}
E   assert 400 == 200
E    +  where 400 = &lt;Response [400]&gt;.status_code</error></testcase><testcase classname="backend.tests.test_subscription_plans.TestPlanUpgradeDowngrade" name="test_upgrade_free_to_plus" time="0.250"><error message="failed on setup with &quot;assert 400 == 200&#10; +  where 400 = &lt;Response [400]&gt;.status_code&quot;">backend/tests/test_subscription_plans.py:143: in setup
    assert response.status_code == 200
E   assert 400 == 200
E    +  where 400 = &lt;Response [400]&gt;.status_code</error></testcase><testcase classname="backend.tests.test_subscription_plans.TestPlanUpgradeDowngrade" name="test_upgrade_plus_to_unlimited" time="0.221"><error message="failed on setup with &quot;assert 400 == 200&#10; +  where 400 = &lt;Response [400]&gt;.status_code&quot;">backend/tests/test_subscription_plans.py:143: in setup
    assert response.status_code == 200
E   assert 400 == 200
E    +  where 400 = &lt;Response [400]&gt;.status_code</error></testcase><testcase classname="backend.tests.test_subscription_plans.TestPlanUpgradeDowngrade" name="test_downgrade_unlimited_to_free" time="0.226"><error message="failed on setup with &quot;assert 400 == 200&#10; +  where 400 = &lt;Response [400]&gt;.status_code&quot;">backend/tests/test_subscription_plans.py:143: in setup
    assert response.status_code == 200
E   assert 400 == 200
E    +  where 400 = &lt;Response [400]&gt;.status_code</error></testcase><testcase classname="backend.tests.test_subscription_plans.TestPlanStatusResponseStructure" name="test_plan_status_has_required_fields" time="0.218"><error message="failed on setup with &quot;assert 400 == 200&#10; +  where 400 = &lt;Response [400]&gt;.status_code&quot;">backend/tests/test_subscription_plans.py:227: in setup
    assert response.status_code == 200
E   assert 400 == 200
E    +  where 400 = &lt;Response [400]&gt;.status_code</error></testcase></testsuite></testsuites>